Copyright 1986-2020 Xilinx, Inc. All Rights Reserved.
--------------------------------------------------------------------------------------------------------------------------------------------------------------------------------
| Tool Version : Vivado v.2020.2 (win64) Build 3064766 Wed Nov 18 09:12:45 MST 2020
| Date         : Thu Mar  2 09:41:19 2023
| Host         : DESKTOP-6IJ8HIK running 64-bit major release  (build 9200)
| Command      : report_methodology -file OExp01_muxctrl_methodology_drc_routed.rpt -pb OExp01_muxctrl_methodology_drc_routed.pb -rpx OExp01_muxctrl_methodology_drc_routed.rpx
| Design       : OExp01_muxctrl
| Device       : xc7k160tffg676-2L
| Speed File   : -2L
| Design State : Fully Routed
--------------------------------------------------------------------------------------------------------------------------------------------------------------------------------

Report Methodology

Table of Contents
-----------------
1. REPORT SUMMARY
2. REPORT DETAILS

1. REPORT SUMMARY
-----------------
            Netlist: netlist
          Floorplan: design_1
      Design limits: <entire design considered>
             Max violations: <unlimited>
             Violations found: 0
+------+----------+-------------+------------+
| Rule | Severity | Description | Violations |
+------+----------+-------------+------------+
+------+----------+-------------+------------+

2. REPORT DETAILS
-----------------

