Copyright 1986-2020 Xilinx, Inc. All Rights Reserved.
------------------------------------------------------------------------------------
| Tool Version : Vivado v.2020.2 (win64) Build 3064766 Wed Nov 18 09:12:45 MST 2020
| Date         : Wed Apr 12 23:35:32 2023
| Host         : DESKTOP-6IJ8HIK running 64-bit major release  (build 9200)
| Command      : report_control_sets -verbose -file CSSTE_control_sets_placed.rpt
| Design       : CSSTE
| Device       : xc7k160t
------------------------------------------------------------------------------------

Control Set Information

Table of Contents
-----------------
1. Summary
2. Histogram
3. Flip-Flop Distribution
4. Detailed Control Set Information

1. Summary
----------

+----------------------------------------------------------+-------+
|                          Status                          | Count |
+----------------------------------------------------------+-------+
| Total control sets                                       |   124 |
|    Minimum number of control sets                        |   124 |
|    Addition due to synthesis replication                 |     0 |
|    Addition due to physical synthesis replication        |     0 |
| Unused register locations in slices containing registers |   104 |
+----------------------------------------------------------+-------+
* Control sets can be merged at opt_design using control_set_merge or merge_equivalent_drivers
** Run report_qor_suggestions for automated merging and remapping suggestions


2. Histogram
------------

+--------------------+-------+
|       Fanout       | Count |
+--------------------+-------+
| Total control sets |   124 |
| >= 0 to < 4        |     6 |
| >= 4 to < 6        |     3 |
| >= 6 to < 8        |     2 |
| >= 8 to < 10       |     0 |
| >= 10 to < 12      |    65 |
| >= 12 to < 14      |     1 |
| >= 14 to < 16      |     0 |
| >= 16              |    47 |
+--------------------+-------+
* Control sets can be remapped at either synth_design or opt_design


3. Flip-Flop Distribution
-------------------------

+--------------+-----------------------+------------------------+-----------------+--------------+
| Clock Enable | Synchronous Set/Reset | Asynchronous Set/Reset | Total Registers | Total Slices |
+--------------+-----------------------+------------------------+-----------------+--------------+
| No           | No                    | No                     |              32 |           14 |
| No           | No                    | Yes                    |              94 |           39 |
| No           | Yes                   | No                     |              31 |           12 |
| Yes          | No                    | No                     |             143 |           74 |
| Yes          | No                    | Yes                    |            1202 |          551 |
| Yes          | Yes                   | No                     |              74 |           22 |
+--------------+-----------------------+------------------------+-----------------+--------------+


4. Detailed Control Set Information
-----------------------------------

+-----------------------+------------------------------------------------+-------------------------------------------+------------------+----------------+--------------+
|      Clock Signal     |                  Enable Signal                 |              Set/Reset Signal             | Slice Load Count | Bel Load Count | Bels / Slice |
+-----------------------+------------------------------------------------+-------------------------------------------+------------------+----------------+--------------+
|  U8/clkdiv_BUFG[6]    |                                                |                                           |                1 |              1 |         1.00 |
|  U8/clkdiv_BUFG[9]    |                                                |                                           |                1 |              1 |         1.00 |
|  U8/clkdiv_BUFG[9]    |                                                | U9/rst                                    |                1 |              1 |         1.00 |
|  U8/clkdiv_BUFG[11]   |                                                |                                           |                1 |              1 |         1.00 |
|  U8/clkdiv_BUFG[11]   |                                                | U9/rst                                    |                1 |              1 |         1.00 |
|  U8/clkdiv_BUFG[6]    |                                                | U9/rst                                    |                2 |              2 |         1.00 |
| ~U8/Clk_CPU_BUFG      |                                                | U9/rst                                    |                1 |              4 |         4.00 |
| ~U8/Clk_CPU_BUFG      | U7/LED_P2S/shift_count[3]_i_1_n_0              | U9/rst                                    |                2 |              4 |         2.00 |
| ~U8/Clk_CPU_BUFG      |                                                |                                           |                4 |              5 |         1.25 |
|  clk_100mhz_IBUF_BUFG | U6/inst/M2/shift_count[5]_i_1_n_0              | U9/rst                                    |                2 |              6 |         3.00 |
| ~U8/Clk_CPU_BUFG      | U10/counter_Ctrl                               | U9/rst                                    |                3 |              6 |         2.00 |
|  clk_100mhz_IBUF_BUFG | U11/vga_debugger/display_addr_reg[3]_rep__0_7  |                                           |                3 |             10 |         3.33 |
|  clk_100mhz_IBUF_BUFG | U11/vga_debugger/display_addr_reg[3]_rep__0_2  |                                           |                3 |             10 |         3.33 |
|  clk_100mhz_IBUF_BUFG | U11/vga_debugger/display_addr_reg[3]_rep_4     |                                           |                3 |             10 |         3.33 |
|  clk_100mhz_IBUF_BUFG | U11/vga_debugger/display_addr_reg[6]_5         |                                           |                3 |             10 |         3.33 |
|  clk_100mhz_IBUF_BUFG | U11/vga_debugger/display_addr_reg[11]_2        |                                           |                3 |             10 |         3.33 |
|  clk_100mhz_IBUF_BUFG | U11/vga_debugger/display_addr_reg[3]_5         |                                           |                3 |             10 |         3.33 |
|  clk_100mhz_IBUF_BUFG | U11/vga_debugger/display_addr_reg[3]_rep_8     |                                           |                3 |             10 |         3.33 |
|  clk_100mhz_IBUF_BUFG | U11/vga_debugger/display_addr_reg[3]_rep__0_9  |                                           |                3 |             10 |         3.33 |
|  clk_100mhz_IBUF_BUFG | U11/vga_debugger/display_addr_reg[6]_0         |                                           |                3 |             10 |         3.33 |
|  clk_100mhz_IBUF_BUFG | U11/vga_debugger/display_addr_reg[6]_2         |                                           |                3 |             10 |         3.33 |
|  clk_100mhz_IBUF_BUFG | U11/vga_debugger/display_addr_reg[3]_0         |                                           |                3 |             10 |         3.33 |
|  clk_100mhz_IBUF_BUFG | U11/vga_debugger/display_addr_reg[6]_3         |                                           |                3 |             10 |         3.33 |
|  clk_100mhz_IBUF_BUFG | U11/vga_debugger/display_addr_reg[6]_4         |                                           |                3 |             10 |         3.33 |
|  clk_100mhz_IBUF_BUFG | U11/vga_debugger/display_addr_reg[3]_rep_2     |                                           |                3 |             10 |         3.33 |
|  clk_100mhz_IBUF_BUFG | U11/vga_debugger/display_addr_reg[7]_5         |                                           |                3 |             10 |         3.33 |
|  clk_100mhz_IBUF_BUFG | U11/vga_debugger/display_addr_reg[10]_2        |                                           |                3 |             10 |         3.33 |
|  clk_100mhz_IBUF_BUFG | U11/vga_debugger/display_addr_reg[8]_1         |                                           |                3 |             10 |         3.33 |
|  clk_100mhz_IBUF_BUFG | U11/vga_debugger/display_addr_reg[8]_3         |                                           |                3 |             10 |         3.33 |
|  clk_100mhz_IBUF_BUFG | U11/vga_debugger/display_addr_reg[3]_rep_6     |                                           |                3 |             10 |         3.33 |
|  clk_100mhz_IBUF_BUFG | U11/vga_debugger/display_addr_reg[8]_4         |                                           |                3 |             10 |         3.33 |
|  clk_100mhz_IBUF_BUFG | U11/vga_debugger/display_addr_reg[11]_3        |                                           |                3 |             10 |         3.33 |
|  clk_100mhz_IBUF_BUFG | U11/vga_debugger/display_addr_reg[3]_rep__0_0  |                                           |                3 |             10 |         3.33 |
|  clk_100mhz_IBUF_BUFG | U11/vga_debugger/display_addr_reg[3]_rep__0_4  |                                           |                3 |             10 |         3.33 |
|  clk_100mhz_IBUF_BUFG | U11/vga_debugger/display_addr_reg[8]_2         |                                           |                3 |             10 |         3.33 |
|  clk_100mhz_IBUF_BUFG | U11/vga_debugger/display_addr_reg[9]_1         |                                           |                3 |             10 |         3.33 |
|  clk_100mhz_IBUF_BUFG | U11/vga_debugger/display_addr_reg[3]_rep_7     |                                           |                3 |             10 |         3.33 |
|  clk_100mhz_IBUF_BUFG | U11/vga_debugger/display_addr_reg[3]_1         |                                           |                3 |             10 |         3.33 |
|  clk_100mhz_IBUF_BUFG | U11/vga_debugger/display_addr_reg[11]_5        |                                           |                3 |             10 |         3.33 |
|  clk_100mhz_IBUF_BUFG | U11/vga_debugger/display_addr_reg[3]_4         |                                           |                3 |             10 |         3.33 |
|  clk_100mhz_IBUF_BUFG | U11/vga_debugger/display_addr_reg[3]_6         |                                           |                3 |             10 |         3.33 |
|  clk_100mhz_IBUF_BUFG | U11/vga_debugger/display_addr_reg[3]_rep__0_10 |                                           |                3 |             10 |         3.33 |
|  clk_100mhz_IBUF_BUFG | U11/vga_debugger/display_addr_reg[3]_rep__0_12 |                                           |                3 |             10 |         3.33 |
|  clk_100mhz_IBUF_BUFG | U11/vga_debugger/display_addr_reg[3]_rep__0_14 |                                           |                3 |             10 |         3.33 |
|  clk_100mhz_IBUF_BUFG | U11/vga_debugger/display_addr_reg[7]_0         |                                           |                3 |             10 |         3.33 |
|  clk_100mhz_IBUF_BUFG | U11/vga_debugger/display_addr_reg[7]_3         |                                           |                3 |             10 |         3.33 |
|  clk_100mhz_IBUF_BUFG | U11/vga_debugger/display_addr_reg[3]_rep__0_1  |                                           |                3 |             10 |         3.33 |
|  clk_100mhz_IBUF_BUFG | U11/vga_debugger/display_addr_reg[8]_0         |                                           |                3 |             10 |         3.33 |
|  clk_100mhz_IBUF_BUFG | U11/vga_debugger/display_addr_reg[3]_rep__0_6  |                                           |                3 |             10 |         3.33 |
|  clk_100mhz_IBUF_BUFG | U11/vga_debugger/display_addr_reg[3]_2         |                                           |                3 |             10 |         3.33 |
|  U8/clkdiv_BUFG[1]    | U11/vga_controller/v_count                     | U9/rst                                    |                6 |             10 |         1.67 |
|  clk_100mhz_IBUF_BUFG | U11/vga_debugger/display_addr_reg[3]_rep__0_5  |                                           |                3 |             10 |         3.33 |
|  clk_100mhz_IBUF_BUFG | U11/vga_debugger/display_addr_reg[7]_1         |                                           |                3 |             10 |         3.33 |
|  clk_100mhz_IBUF_BUFG | U11/vga_debugger/display_addr_reg[3]_rep__0_15 |                                           |                3 |             10 |         3.33 |
|  clk_100mhz_IBUF_BUFG | U11/vga_debugger/display_addr_reg[9]_4         |                                           |                3 |             10 |         3.33 |
|  clk_100mhz_IBUF_BUFG | U11/vga_debugger/display_addr_reg[9]_2         |                                           |                3 |             10 |         3.33 |
|  clk_100mhz_IBUF_BUFG | U11/vga_debugger/display_addr_reg[9]_3         |                                           |                3 |             10 |         3.33 |
|  clk_100mhz_IBUF_BUFG | U11/vga_debugger/display_addr_reg[10]_5        |                                           |                3 |             10 |         3.33 |
|  clk_100mhz_IBUF_BUFG | U11/vga_debugger/display_addr_reg[11]_0        |                                           |                3 |             10 |         3.33 |
|  clk_100mhz_IBUF_BUFG | U11/vga_debugger/display_addr_reg[10]_3        |                                           |                3 |             10 |         3.33 |
|  clk_100mhz_IBUF_BUFG | U11/vga_debugger/display_addr_reg[11]_1        |                                           |                3 |             10 |         3.33 |
|  clk_100mhz_IBUF_BUFG | U11/vga_debugger/display_addr_reg[10]_1        |                                           |                3 |             10 |         3.33 |
|  clk_100mhz_IBUF_BUFG | U11/vga_debugger/display_addr_reg[3]_rep__0_3  |                                           |                3 |             10 |         3.33 |
|  clk_100mhz_IBUF_BUFG | U11/vga_debugger/display_addr_reg[10]_4        |                                           |                3 |             10 |         3.33 |
|  clk_100mhz_IBUF_BUFG | U11/vga_debugger/display_addr_reg[3]_rep__0_8  |                                           |                3 |             10 |         3.33 |
|  clk_100mhz_IBUF_BUFG | U11/vga_debugger/display_addr_reg[11]_4        |                                           |                3 |             10 |         3.33 |
|  clk_100mhz_IBUF_BUFG | U11/vga_debugger/display_addr_reg[7]_2         |                                           |                3 |             10 |         3.33 |
|  clk_100mhz_IBUF_BUFG | U11/vga_debugger/display_addr_reg[3]_rep__0_11 |                                           |                3 |             10 |         3.33 |
|  clk_100mhz_IBUF_BUFG | U11/vga_debugger/display_addr_reg[3]_rep_5     |                                           |                3 |             10 |         3.33 |
|  clk_100mhz_IBUF_BUFG | U11/vga_debugger/display_addr_reg[3]_rep_1     |                                           |                3 |             10 |         3.33 |
|  clk_100mhz_IBUF_BUFG | U11/vga_debugger/display_addr_reg[3]_3         |                                           |                3 |             10 |         3.33 |
|  clk_100mhz_IBUF_BUFG | U11/vga_debugger/display_addr_reg[3]_rep_3     |                                           |                3 |             10 |         3.33 |
|  clk_100mhz_IBUF_BUFG | U11/vga_debugger/display_addr_reg[6]_1         |                                           |                3 |             10 |         3.33 |
|  clk_100mhz_IBUF_BUFG | U11/vga_debugger/display_addr_reg[3]_rep__0_13 |                                           |                3 |             10 |         3.33 |
|  clk_100mhz_IBUF_BUFG | U11/vga_debugger/display_addr_reg[7]_4         |                                           |                3 |             10 |         3.33 |
|  clk_100mhz_IBUF_BUFG | U11/vga_debugger/display_addr_reg[9]_0         |                                           |                3 |             10 |         3.33 |
|  U8/clkdiv_BUFG[1]    |                                                | U9/rst                                    |                6 |             12 |         2.00 |
| ~U8/Clk_CPU_BUFG      | U7/LED_P2S/buffer[0]_i_1_n_0                   |                                           |                3 |             16 |         5.33 |
|  clk_100mhz_IBUF_BUFG | U9/pulse_out[3]_i_2_n_0                        |                                           |                6 |             17 |         2.83 |
|  clk_100mhz_IBUF_BUFG |                                                | U11/vga_debugger/display_addr[11]_i_1_n_0 |                6 |             19 |         3.17 |
|  clk_100mhz_IBUF_BUFG |                                                |                                           |                7 |             24 |         3.43 |
|  U8/Clk_CPU_BUFG      | U1/inst/u2/inst/Regs1/register[13][31]_i_1_n_0 | U9/rst                                    |               15 |             32 |         2.13 |
|  U8/Clk_CPU_BUFG      | U1/inst/u2/inst/Regs1/register[14][31]_i_1_n_0 | U9/rst                                    |               14 |             32 |         2.29 |
|  U8/Clk_CPU_BUFG      | U1/inst/u2/inst/Regs1/register[15][31]_i_1_n_0 | U9/rst                                    |               15 |             32 |         2.13 |
|  U8/Clk_CPU_BUFG      | U1/inst/u2/inst/Regs1/register[16][31]_i_1_n_0 | U9/rst                                    |               15 |             32 |         2.13 |
|  U8/Clk_CPU_BUFG      | U1/inst/u2/inst/Regs1/register[5][31]_i_1_n_0  | U9/rst                                    |               19 |             32 |         1.68 |
|  U8/Clk_CPU_BUFG      | U1/inst/u2/inst/Regs1/register[24][31]_i_1_n_0 | U9/rst                                    |               20 |             32 |         1.60 |
|  U8/Clk_CPU_BUFG      | U1/inst/u2/inst/Regs1/register[3][31]_i_1_n_0  | U9/rst                                    |               19 |             32 |         1.68 |
|  U8/Clk_CPU_BUFG      | U1/inst/u2/inst/Regs1/register[7][31]_i_1_n_0  | U9/rst                                    |               18 |             32 |         1.78 |
|  U8/Clk_CPU_BUFG      | U1/inst/u2/inst/Regs1/register[18][31]_i_1_n_0 | U9/rst                                    |               13 |             32 |         2.46 |
|  U8/Clk_CPU_BUFG      | U1/inst/u2/inst/Regs1/register[27][31]_i_1_n_0 | U9/rst                                    |               13 |             32 |         2.46 |
|  U8/Clk_CPU_BUFG      | U1/inst/u2/inst/Regs1/register[30][31]_i_1_n_0 | U9/rst                                    |               21 |             32 |         1.52 |
|  U8/Clk_CPU_BUFG      | U1/inst/u2/inst/Regs1/register[1][31]_i_1_n_0  | U9/rst                                    |               12 |             32 |         2.67 |
|  U8/Clk_CPU_BUFG      | U1/inst/u2/inst/Regs1/register[28][31]_i_1_n_0 | U9/rst                                    |               14 |             32 |         2.29 |
|  U8/Clk_CPU_BUFG      | U1/inst/u2/inst/Regs1/register[22][31]_i_1_n_0 | U9/rst                                    |               10 |             32 |         3.20 |
|  U8/Clk_CPU_BUFG      | U1/inst/u2/inst/Regs1/register[4][31]_i_1_n_0  | U9/rst                                    |               15 |             32 |         2.13 |
|  U8/Clk_CPU_BUFG      | U1/inst/u2/inst/Regs1/register[21][31]_i_1_n_0 | U9/rst                                    |               14 |             32 |         2.29 |
|  U8/Clk_CPU_BUFG      | U1/inst/u2/inst/Regs1/register[8][31]_i_1_n_0  | U9/rst                                    |               18 |             32 |         1.78 |
|  U8/Clk_CPU_BUFG      | U1/inst/u2/inst/Regs1/register[29][31]_i_1_n_0 | U9/rst                                    |               15 |             32 |         2.13 |
|  U8/Clk_CPU_BUFG      | U1/inst/u2/inst/Regs1/register[25][31]_i_1_n_0 | U9/rst                                    |               15 |             32 |         2.13 |
|  U8/Clk_CPU_BUFG      | U1/inst/u2/inst/Regs1/register[20][31]_i_1_n_0 | U9/rst                                    |               13 |             32 |         2.46 |
|  U8/Clk_CPU_BUFG      | U1/inst/u2/inst/Regs1/register[26][31]_i_1_n_0 | U9/rst                                    |               16 |             32 |         2.00 |
|  U8/Clk_CPU_BUFG      | U1/inst/u2/inst/Regs1/register[9][31]_i_1_n_0  | U9/rst                                    |               20 |             32 |         1.60 |
|  U8/Clk_CPU_BUFG      | U1/inst/u2/inst/Regs1/register[17][31]_i_1_n_0 | U9/rst                                    |               15 |             32 |         2.13 |
|  U8/Clk_CPU_BUFG      | U1/inst/u2/inst/Regs1/register[19][31]_i_1_n_0 | U9/rst                                    |                9 |             32 |         3.56 |
|  U8/Clk_CPU_BUFG      | U1/inst/u2/inst/Regs1/register[23][31]_i_1_n_0 | U9/rst                                    |               10 |             32 |         3.20 |
| ~U8/Clk_CPU_BUFG      | U10/counter0_Lock                              | U9/rst                                    |                9 |             32 |         3.56 |
| ~U8/Clk_CPU_BUFG      | U10/counter1_Lock                              | U9/rst                                    |               12 |             32 |         2.67 |
| ~U8/Clk_CPU_BUFG      | U10/counter2_Lock                              | U9/rst                                    |               13 |             32 |         2.46 |
|  U8/Clk_CPU_BUFG      | U1/inst/u2/inst/Regs1/register[2][31]_i_1_n_0  | U9/rst                                    |               15 |             32 |         2.13 |
|  U8/Clk_CPU_BUFG      | U1/inst/u2/inst/Regs1/register[10][31]_i_1_n_0 | U9/rst                                    |               13 |             32 |         2.46 |
|  U8/Clk_CPU_BUFG      | U1/inst/u2/inst/Regs1/register[11][31]_i_1_n_0 | U9/rst                                    |               16 |             32 |         2.00 |
|  U8/clkdiv_BUFG[6]    | U10/counter0[31]                               | U9/rst                                    |                9 |             32 |         3.56 |
|  U8/Clk_CPU_BUFG      | U1/inst/u2/inst/Regs1/register                 | U9/rst                                    |               14 |             32 |         2.29 |
|  clk_100mhz_IBUF_BUFG | U9/sel                                         | U9/counter[0]_i_1_n_0                     |                8 |             32 |         4.00 |
|  U8/Clk_CPU_BUFG      | U1/inst/u2/inst/Regs1/register[6][31]_i_1_n_0  | U9/rst                                    |               22 |             32 |         1.45 |
|  U8/Clk_CPU_BUFG      | U1/inst/u2/inst/Regs1/register[12][31]_i_1_n_0 | U9/rst                                    |               21 |             32 |         1.52 |
|  clk_100mhz_IBUF_BUFG | U9/rst_counter[0]_i_1_n_0                      | U9/counter[0]_i_1_n_0                     |                8 |             32 |         4.00 |
|  U8/clkdiv_BUFG[11]   | U10/counter2[32]_i_1_n_0                       | U9/rst                                    |               10 |             33 |         3.30 |
|  U8/clkdiv_BUFG[9]    | U10/counter1[32]_i_1_n_0                       | U9/rst                                    |               12 |             33 |         2.75 |
|  clk_100mhz_IBUF_BUFG |                                                | U9/rst                                    |                9 |             36 |         4.00 |
| ~U8/Clk_CPU_BUFG      | U4/GPIOe0000000_we                             |                                           |               34 |             46 |         1.35 |
|  U8/Clk_CPU_BUFG      |                                                | U9/rst                                    |               25 |             50 |         2.00 |
|  clk_100mhz_IBUF_BUFG | U6/inst/M2/buffer[0]_i_1_n_0                   |                                           |               31 |             64 |         2.06 |
+-----------------------+------------------------------------------------+-------------------------------------------+------------------+----------------+--------------+


